-------------------------------------------------------------------------------
Test set: com.amdocs.commonality.ddulearning.standalone.StandaloneApplicationTests
-------------------------------------------------------------------------------
Tests run: 1, Failures: 0, Errors: 1, Skipped: 0, Time elapsed: 1.063 s <<< FAILURE! - in com.amdocs.commonality.ddulearning.standalone.StandaloneApplicationTests
contextLoads  Time elapsed: 0.009 s  <<< ERROR!
java.lang.IllegalStateException: Failed to load ApplicationContext
Caused by: org.springframework.beans.factory.UnsatisfiedDependencyException: Error creating bean with name 'validateSkills': Unsatisfied dependency expressed through field 'validateSkillsApplicationService'; nested exception is org.springframework.beans.factory.UnsatisfiedDependencyException: Error creating bean with name 'validateSkillsApplicationService': Unsatisfied dependency expressed through field 'employeeMissingSkillset'; nested exception is org.springframework.beans.factory.NoSuchBeanDefinitionException: No qualifying bean of type 'com.amdocs.commonality.ddulearning.model.EmployeeMissingSkillset' available: expected at least 1 bean which qualifies as autowire candidate. Dependency annotations: {@org.springframework.beans.factory.annotation.Autowired(required=true)}
Caused by: org.springframework.beans.factory.UnsatisfiedDependencyException: Error creating bean with name 'validateSkillsApplicationService': Unsatisfied dependency expressed through field 'employeeMissingSkillset'; nested exception is org.springframework.beans.factory.NoSuchBeanDefinitionException: No qualifying bean of type 'com.amdocs.commonality.ddulearning.model.EmployeeMissingSkillset' available: expected at least 1 bean which qualifies as autowire candidate. Dependency annotations: {@org.springframework.beans.factory.annotation.Autowired(required=true)}
Caused by: org.springframework.beans.factory.NoSuchBeanDefinitionException: No qualifying bean of type 'com.amdocs.commonality.ddulearning.model.EmployeeMissingSkillset' available: expected at least 1 bean which qualifies as autowire candidate. Dependency annotations: {@org.springframework.beans.factory.annotation.Autowired(required=true)}

